ARM GAS  /var/folders/zm/dfm8jqkx63j0zf3h43_v68380000gn/T//ccN4R1eo.s 			page 1


   1              		.cpu cortex-m7
   2              		.arch armv7e-m
   3              		.fpu fpv5-d16
   4              		.eabi_attribute 28, 1
   5              		.eabi_attribute 20, 1
   6              		.eabi_attribute 21, 1
   7              		.eabi_attribute 23, 3
   8              		.eabi_attribute 24, 1
   9              		.eabi_attribute 25, 1
  10              		.eabi_attribute 26, 1
  11              		.eabi_attribute 30, 2
  12              		.eabi_attribute 34, 1
  13              		.eabi_attribute 18, 4
  14              		.file	"main.cpp"
  15              		.text
  16              	.Ltext0:
  17              		.cfi_sections	.debug_frame
  18              		.section	.text._ZN5daisy9DaisySeedD2Ev,"axG",%progbits,_ZN5daisy9DaisySeedD5Ev,comdat
  19              		.align	1
  20              		.p2align 2,,3
  21              		.weak	_ZN5daisy9DaisySeedD2Ev
  22              		.syntax unified
  23              		.thumb
  24              		.thumb_func
  26              	_ZN5daisy9DaisySeedD2Ev:
  27              	.LVL0:
  28              	.LFB2556:
  29              		.file 1 "../../libDaisy//src/daisy_seed.h"
   1:../../libDaisy//src/daisy_seed.h **** #pragma once
   2:../../libDaisy//src/daisy_seed.h **** #ifndef DSY_SEED_H
   3:../../libDaisy//src/daisy_seed.h **** #define DSY_SEED_H
   4:../../libDaisy//src/daisy_seed.h **** 
   5:../../libDaisy//src/daisy_seed.h **** #include "daisy.h"
   6:../../libDaisy//src/daisy_seed.h **** 
   7:../../libDaisy//src/daisy_seed.h **** //Uncomment this out if you're still using the rev2 hardware
   8:../../libDaisy//src/daisy_seed.h **** //#define SEED_REV2
   9:../../libDaisy//src/daisy_seed.h **** 
  10:../../libDaisy//src/daisy_seed.h **** namespace daisy
  11:../../libDaisy//src/daisy_seed.h **** {
  12:../../libDaisy//src/daisy_seed.h **** /**
  13:../../libDaisy//src/daisy_seed.h ****    @brief This is the higher-level interface for the Daisy board. \n 
  14:../../libDaisy//src/daisy_seed.h ****     All basic peripheral configuration/initialization is setup here. \n
  15:../../libDaisy//src/daisy_seed.h **** 
  16:../../libDaisy//src/daisy_seed.h ****    @ingroup boards
  17:../../libDaisy//src/daisy_seed.h **** */
  18:../../libDaisy//src/daisy_seed.h **** class DaisySeed
  19:../../libDaisy//src/daisy_seed.h **** {
  20:../../libDaisy//src/daisy_seed.h ****   public:
  21:../../libDaisy//src/daisy_seed.h ****     DaisySeed() {}
  22:../../libDaisy//src/daisy_seed.h ****     ~DaisySeed() {}
  30              		.loc 1 22 5 view -0
  31              		.cfi_startproc
  32              		@ args = 0, pretend = 0, frame = 0
  33              		@ frame_needed = 0, uses_anonymous_args = 0
  34              		@ link register save eliminated.
  35              	.LBB74:
  36              	.LBI74:
ARM GAS  /var/folders/zm/dfm8jqkx63j0zf3h43_v68380000gn/T//ccN4R1eo.s 			page 2


  37              		.file 2 "../../libDaisy//src/sys/system.h"
   1:../../libDaisy//src/sys/system.h **** #ifndef DSY_SYSTEM_H
   2:../../libDaisy//src/sys/system.h **** #define DSY_SYSTEM_H
   3:../../libDaisy//src/sys/system.h **** 
   4:../../libDaisy//src/sys/system.h **** #ifndef UNIT_TEST // for unit tests, a dummy implementation is provided below
   5:../../libDaisy//src/sys/system.h **** 
   6:../../libDaisy//src/sys/system.h **** #include <cstdint>
   7:../../libDaisy//src/sys/system.h **** #include "per/tim.h"
   8:../../libDaisy//src/sys/system.h **** 
   9:../../libDaisy//src/sys/system.h **** namespace daisy
  10:../../libDaisy//src/sys/system.h **** {
  11:../../libDaisy//src/sys/system.h **** /** A handle for interacting with the Core System.
  12:../../libDaisy//src/sys/system.h ****  ** This includes the Clock tree, MPU, global DMA initialization,
  13:../../libDaisy//src/sys/system.h ****  ** cache handling, and any other necessary global initiailzation
  14:../../libDaisy//src/sys/system.h ****  **
  15:../../libDaisy//src/sys/system.h ****  ** @author shensley
  16:../../libDaisy//src/sys/system.h ****  ** @ingroup system
  17:../../libDaisy//src/sys/system.h ****  */
  18:../../libDaisy//src/sys/system.h **** class System
  19:../../libDaisy//src/sys/system.h **** {
  20:../../libDaisy//src/sys/system.h ****   public:
  21:../../libDaisy//src/sys/system.h ****     /** Contains settings for initializing the System */
  22:../../libDaisy//src/sys/system.h ****     struct Config
  23:../../libDaisy//src/sys/system.h ****     {
  24:../../libDaisy//src/sys/system.h ****         /** Specifies the system clock frequency that feeds APB/AHB clocks, etc. */
  25:../../libDaisy//src/sys/system.h ****         enum class SysClkFreq
  26:../../libDaisy//src/sys/system.h ****         {
  27:../../libDaisy//src/sys/system.h ****             FREQ_400MHZ,
  28:../../libDaisy//src/sys/system.h ****             FREQ_480MHZ,
  29:../../libDaisy//src/sys/system.h ****         };
  30:../../libDaisy//src/sys/system.h **** 
  31:../../libDaisy//src/sys/system.h ****         /** Method to call on the struct to set to defaults
  32:../../libDaisy//src/sys/system.h ****          ** CPU Freq set to 400MHz
  33:../../libDaisy//src/sys/system.h ****          ** Cache Enabled
  34:../../libDaisy//src/sys/system.h ****          ** */
  35:../../libDaisy//src/sys/system.h ****         void Defaults()
  36:../../libDaisy//src/sys/system.h ****         {
  37:../../libDaisy//src/sys/system.h ****             cpu_freq    = SysClkFreq::FREQ_400MHZ;
  38:../../libDaisy//src/sys/system.h ****             use_dcache  = true;
  39:../../libDaisy//src/sys/system.h ****             use_icache  = true;
  40:../../libDaisy//src/sys/system.h ****             skip_clocks = false;
  41:../../libDaisy//src/sys/system.h ****         }
  42:../../libDaisy//src/sys/system.h **** 
  43:../../libDaisy//src/sys/system.h ****         /** Method to call on the struct to set to boost mode:
  44:../../libDaisy//src/sys/system.h ****          ** CPU Freq set to 480MHz
  45:../../libDaisy//src/sys/system.h ****          ** Cache Enabled
  46:../../libDaisy//src/sys/system.h ****          ** */
  47:../../libDaisy//src/sys/system.h ****         void Boost()
  48:../../libDaisy//src/sys/system.h ****         {
  49:../../libDaisy//src/sys/system.h ****             cpu_freq    = SysClkFreq::FREQ_480MHZ;
  50:../../libDaisy//src/sys/system.h ****             use_dcache  = true;
  51:../../libDaisy//src/sys/system.h ****             use_icache  = true;
  52:../../libDaisy//src/sys/system.h ****             skip_clocks = false;
  53:../../libDaisy//src/sys/system.h ****         }
  54:../../libDaisy//src/sys/system.h **** 
  55:../../libDaisy//src/sys/system.h ****         SysClkFreq cpu_freq;
  56:../../libDaisy//src/sys/system.h ****         bool       use_dcache;
ARM GAS  /var/folders/zm/dfm8jqkx63j0zf3h43_v68380000gn/T//ccN4R1eo.s 			page 3


  57:../../libDaisy//src/sys/system.h ****         bool       use_icache;
  58:../../libDaisy//src/sys/system.h ****         bool       skip_clocks;
  59:../../libDaisy//src/sys/system.h ****     };
  60:../../libDaisy//src/sys/system.h **** 
  61:../../libDaisy//src/sys/system.h ****     /** Describes the different regions of memory available to the Daisy */
  62:../../libDaisy//src/sys/system.h ****     enum MemoryRegion
  63:../../libDaisy//src/sys/system.h ****     {
  64:../../libDaisy//src/sys/system.h ****         INTERNAL_FLASH = 0,
  65:../../libDaisy//src/sys/system.h ****         ITCMRAM,
  66:../../libDaisy//src/sys/system.h ****         DTCMRAM,
  67:../../libDaisy//src/sys/system.h ****         SRAM_D1,
  68:../../libDaisy//src/sys/system.h ****         SRAM_D2,
  69:../../libDaisy//src/sys/system.h ****         SRAM_D3,
  70:../../libDaisy//src/sys/system.h ****         SDRAM,
  71:../../libDaisy//src/sys/system.h ****         QSPI,
  72:../../libDaisy//src/sys/system.h ****         INVALID_ADDRESS,
  73:../../libDaisy//src/sys/system.h ****     };
  74:../../libDaisy//src/sys/system.h **** 
  75:../../libDaisy//src/sys/system.h ****     /** Bootloader struct for controlling bootloading parameters */
  76:../../libDaisy//src/sys/system.h ****     struct BootInfo
  77:../../libDaisy//src/sys/system.h ****     {
  78:../../libDaisy//src/sys/system.h ****         enum class Type : uint32_t
  79:../../libDaisy//src/sys/system.h ****         {
  80:../../libDaisy//src/sys/system.h ****             INVALID      = 0x00000000,
  81:../../libDaisy//src/sys/system.h ****             JUMP         = 0xDEADBEEF,
  82:../../libDaisy//src/sys/system.h ****             SKIP_TIMEOUT = 0x5AFEB007,
  83:../../libDaisy//src/sys/system.h ****             INF_TIMEOUT  = 0xB0074EFA,
  84:../../libDaisy//src/sys/system.h ****         } status;
  85:../../libDaisy//src/sys/system.h ****         uint32_t data;
  86:../../libDaisy//src/sys/system.h ****         enum class Version : uint32_t
  87:../../libDaisy//src/sys/system.h ****         {
  88:../../libDaisy//src/sys/system.h ****             LT_v6_0 = 0, // Less than v6.0
  89:../../libDaisy//src/sys/system.h ****             NONE,        // No bootloader present
  90:../../libDaisy//src/sys/system.h ****             v6_0,        // v6.0
  91:../../libDaisy//src/sys/system.h ****             v6_1,        // v6.1 or greater
  92:../../libDaisy//src/sys/system.h ****             LAST
  93:../../libDaisy//src/sys/system.h ****         } version;
  94:../../libDaisy//src/sys/system.h ****     };
  95:../../libDaisy//src/sys/system.h **** 
  96:../../libDaisy//src/sys/system.h ****     System() {}
  97:../../libDaisy//src/sys/system.h ****     ~System() {}
  38              		.loc 2 97 5 view .LVU1
  39              		.loc 2 97 5 is_stmt 0 view .LVU2
  40              	.LBE74:
  41              	.LBB75:
  42              	.LBI75:
  43              		.file 3 "../../libDaisy//src/hid/usb.h"
   1:../../libDaisy//src/hid/usb.h **** #pragma once
   2:../../libDaisy//src/hid/usb.h **** #ifndef DSY_HID_USB_H
   3:../../libDaisy//src/hid/usb.h **** #define DSY_HID_USB_H
   4:../../libDaisy//src/hid/usb.h **** #include <stdint.h>
   5:../../libDaisy//src/hid/usb.h **** #include <stdlib.h>
   6:../../libDaisy//src/hid/usb.h **** 
   7:../../libDaisy//src/hid/usb.h **** namespace daisy
   8:../../libDaisy//src/hid/usb.h **** /** @addtogroup human_interface
   9:../../libDaisy//src/hid/usb.h ****     @{
  10:../../libDaisy//src/hid/usb.h **** */
ARM GAS  /var/folders/zm/dfm8jqkx63j0zf3h43_v68380000gn/T//ccN4R1eo.s 			page 4


  11:../../libDaisy//src/hid/usb.h **** 
  12:../../libDaisy//src/hid/usb.h **** {
  13:../../libDaisy//src/hid/usb.h **** /** 
  14:../../libDaisy//src/hid/usb.h ****     @brief Interface for initializing and using the USB Peripherals on the daisy
  15:../../libDaisy//src/hid/usb.h ****     @author Stephen Hensley
  16:../../libDaisy//src/hid/usb.h ****     @date December 2019
  17:../../libDaisy//src/hid/usb.h **** */
  18:../../libDaisy//src/hid/usb.h **** class UsbHandle
  19:../../libDaisy//src/hid/usb.h **** {
  20:../../libDaisy//src/hid/usb.h ****   public:
  21:../../libDaisy//src/hid/usb.h ****     /** Return values for USBHandle Functions */
  22:../../libDaisy//src/hid/usb.h ****     enum class Result
  23:../../libDaisy//src/hid/usb.h ****     {
  24:../../libDaisy//src/hid/usb.h ****         OK,
  25:../../libDaisy//src/hid/usb.h ****         ERR,
  26:../../libDaisy//src/hid/usb.h ****     };
  27:../../libDaisy//src/hid/usb.h **** 
  28:../../libDaisy//src/hid/usb.h ****     /** Specified which of the two USB Peripherals to initialize. */
  29:../../libDaisy//src/hid/usb.h ****     enum UsbPeriph
  30:../../libDaisy//src/hid/usb.h ****     {
  31:../../libDaisy//src/hid/usb.h ****         FS_INTERNAL, /**< Internal pin */
  32:../../libDaisy//src/hid/usb.h ****         FS_EXTERNAL, /**< FS External D+ pin is Pin 38 (GPIO32). FS External D- pin is Pin 37 (GPIO
  33:../../libDaisy//src/hid/usb.h ****         FS_BOTH,     /**< Both */
  34:../../libDaisy//src/hid/usb.h ****     };
  35:../../libDaisy//src/hid/usb.h **** 
  36:../../libDaisy//src/hid/usb.h **** 
  37:../../libDaisy//src/hid/usb.h ****     /** Function called upon reception of a buffer */
  38:../../libDaisy//src/hid/usb.h ****     typedef void (*ReceiveCallback)(uint8_t* buff, uint32_t* len);
  39:../../libDaisy//src/hid/usb.h **** 
  40:../../libDaisy//src/hid/usb.h ****     UsbHandle() {}
  41:../../libDaisy//src/hid/usb.h **** 
  42:../../libDaisy//src/hid/usb.h ****     ~UsbHandle() {}
  44              		.loc 3 42 5 is_stmt 1 view .LVU3
  45              		.loc 3 42 5 is_stmt 0 view .LVU4
  46              	.LBE75:
  47              	.LBB76:
  48              	.LBI76:
  49              		.file 4 "../../libDaisy//src/per/adc.h"
   1:../../libDaisy//src/per/adc.h **** #pragma once
   2:../../libDaisy//src/per/adc.h **** #ifndef DSY_ADC_H
   3:../../libDaisy//src/per/adc.h **** #define DSY_ADC_H /**< Macro */
   4:../../libDaisy//src/per/adc.h **** #include <stdint.h>
   5:../../libDaisy//src/per/adc.h **** #include <stdlib.h>
   6:../../libDaisy//src/per/adc.h **** #include "daisy_core.h"
   7:../../libDaisy//src/per/adc.h **** #include "per/gpio.h"
   8:../../libDaisy//src/per/adc.h **** 
   9:../../libDaisy//src/per/adc.h **** #define DSY_ADC_MAX_CHANNELS 16 /**< Maximum number of ADC channels */
  10:../../libDaisy//src/per/adc.h **** 
  11:../../libDaisy//src/per/adc.h **** namespace daisy
  12:../../libDaisy//src/per/adc.h **** {
  13:../../libDaisy//src/per/adc.h **** /** @addtogroup per_analog
  14:../../libDaisy//src/per/adc.h ****     @{
  15:../../libDaisy//src/per/adc.h **** */
  16:../../libDaisy//src/per/adc.h **** 
  17:../../libDaisy//src/per/adc.h **** /* While there may not be many configuration options here,
  18:../../libDaisy//src/per/adc.h **** using a struct like this allows us to add more configuration
  19:../../libDaisy//src/per/adc.h **** later without breaking existing functionality.
ARM GAS  /var/folders/zm/dfm8jqkx63j0zf3h43_v68380000gn/T//ccN4R1eo.s 			page 5


  20:../../libDaisy//src/per/adc.h **** */
  21:../../libDaisy//src/per/adc.h **** 
  22:../../libDaisy//src/per/adc.h **** /** @brief   Configuration Structure for an ADC Channel 
  23:../../libDaisy//src/per/adc.h ****  *  @details This can be used to configure a a single input, 
  24:../../libDaisy//src/per/adc.h ****  *           or a multiplexed input, allowing up to 8 inputs on 
  25:../../libDaisy//src/per/adc.h ****  *           one channel.
  26:../../libDaisy//src/per/adc.h ****  *  @note    Sharing data lines to multiple muxes _is_ possible, but
  27:../../libDaisy//src/per/adc.h ****  *           each channel sharing data lines must be set to the maximum
  28:../../libDaisy//src/per/adc.h ****  *           number of channels, even if some multiplexers have fewer
  29:../../libDaisy//src/per/adc.h ****  *           inputs connected.
  30:../../libDaisy//src/per/adc.h **** */
  31:../../libDaisy//src/per/adc.h **** struct AdcChannelConfig
  32:../../libDaisy//src/per/adc.h **** {
  33:../../libDaisy//src/per/adc.h ****     /** Which pin to use for multiplexing */
  34:../../libDaisy//src/per/adc.h ****     enum MuxPin
  35:../../libDaisy//src/per/adc.h ****     {
  36:../../libDaisy//src/per/adc.h ****         MUX_SEL_0,    /**< & */
  37:../../libDaisy//src/per/adc.h ****         MUX_SEL_1,    /**< & */
  38:../../libDaisy//src/per/adc.h ****         MUX_SEL_2,    /**< & */
  39:../../libDaisy//src/per/adc.h ****         MUX_SEL_LAST, /**< & */
  40:../../libDaisy//src/per/adc.h ****     };
  41:../../libDaisy//src/per/adc.h **** 
  42:../../libDaisy//src/per/adc.h ****     /** \brief per channel conversion speed added to fixed time based on bitdepth, etc. */
  43:../../libDaisy//src/per/adc.h ****     enum ConversionSpeed
  44:../../libDaisy//src/per/adc.h ****     {
  45:../../libDaisy//src/per/adc.h ****         SPEED_1CYCLES_5,
  46:../../libDaisy//src/per/adc.h ****         SPEED_2CYCLES_5,
  47:../../libDaisy//src/per/adc.h ****         SPEED_8CYCLES_5,
  48:../../libDaisy//src/per/adc.h ****         SPEED_16CYCLES_5,
  49:../../libDaisy//src/per/adc.h ****         SPEED_32CYCLES_5,
  50:../../libDaisy//src/per/adc.h ****         SPEED_64CYCLES_5,
  51:../../libDaisy//src/per/adc.h ****         SPEED_387CYCLES_5,
  52:../../libDaisy//src/per/adc.h ****         SPEED_810CYCLES_5,
  53:../../libDaisy//src/per/adc.h ****     };
  54:../../libDaisy//src/per/adc.h **** 
  55:../../libDaisy//src/per/adc.h ****     /** Initializes a single ADC pin as an ADC. 
  56:../../libDaisy//src/per/adc.h ****     \param pin Pin to init.
  57:../../libDaisy//src/per/adc.h ****     \param speed conversion speed for this pin defaults to 8.5 cycles
  58:../../libDaisy//src/per/adc.h ****      */
  59:../../libDaisy//src/per/adc.h ****     void InitSingle(dsy_gpio_pin pin, ConversionSpeed speed = SPEED_8CYCLES_5);
  60:../../libDaisy//src/per/adc.h **** 
  61:../../libDaisy//src/per/adc.h ****     /** 
  62:../../libDaisy//src/per/adc.h ****     Initializes a single ADC pin as a Multiplexed ADC.
  63:../../libDaisy//src/per/adc.h ****     Requires a CD405X Multiplexer connected to the pin.
  64:../../libDaisy//src/per/adc.h ****     You only need to supply the mux pins that are required,
  65:../../libDaisy//src/per/adc.h ****     e.g. a 4052 mux would only require mux_0 and mux_1.
  66:../../libDaisy//src/per/adc.h ****     Internal Callbacks handle the pin addressing.
  67:../../libDaisy//src/per/adc.h ****     \param adc_pin &
  68:../../libDaisy//src/per/adc.h ****     \param mux_channels must be 1-8
  69:../../libDaisy//src/per/adc.h ****     \param mux_0 First mux pin
  70:../../libDaisy//src/per/adc.h ****     \param mux_1 Second mux pin
  71:../../libDaisy//src/per/adc.h ****     \param mux_2 Third mux pin
  72:../../libDaisy//src/per/adc.h ****     \param speed conversion speed for this pin defaults to 8.5 cycles
  73:../../libDaisy//src/per/adc.h ****     */
  74:../../libDaisy//src/per/adc.h ****     void InitMux(dsy_gpio_pin    adc_pin,
  75:../../libDaisy//src/per/adc.h ****                  size_t          mux_channels,
  76:../../libDaisy//src/per/adc.h ****                  dsy_gpio_pin    mux_0,
ARM GAS  /var/folders/zm/dfm8jqkx63j0zf3h43_v68380000gn/T//ccN4R1eo.s 			page 6


  77:../../libDaisy//src/per/adc.h ****                  dsy_gpio_pin    mux_1 = {DSY_GPIOX, 0},
  78:../../libDaisy//src/per/adc.h ****                  dsy_gpio_pin    mux_2 = {DSY_GPIOX, 0},
  79:../../libDaisy//src/per/adc.h ****                  ConversionSpeed speed = SPEED_8CYCLES_5);
  80:../../libDaisy//src/per/adc.h **** 
  81:../../libDaisy//src/per/adc.h ****     dsy_gpio        pin_;                   /**< & */
  82:../../libDaisy//src/per/adc.h ****     dsy_gpio        mux_pin_[MUX_SEL_LAST]; /**< & */
  83:../../libDaisy//src/per/adc.h ****     uint8_t         mux_channels_;          /**< & */
  84:../../libDaisy//src/per/adc.h ****     ConversionSpeed speed_;
  85:../../libDaisy//src/per/adc.h **** };
  86:../../libDaisy//src/per/adc.h **** 
  87:../../libDaisy//src/per/adc.h **** /**
  88:../../libDaisy//src/per/adc.h ****    @brief Handler for analog to digital conversion
  89:../../libDaisy//src/per/adc.h **** */
  90:../../libDaisy//src/per/adc.h **** class AdcHandle
  91:../../libDaisy//src/per/adc.h **** {
  92:../../libDaisy//src/per/adc.h ****   public:
  93:../../libDaisy//src/per/adc.h ****     /** Supported oversampling amounts */
  94:../../libDaisy//src/per/adc.h ****     enum OverSampling
  95:../../libDaisy//src/per/adc.h ****     {
  96:../../libDaisy//src/per/adc.h ****         OVS_NONE, /**< & */
  97:../../libDaisy//src/per/adc.h ****         OVS_4,    /**< & */
  98:../../libDaisy//src/per/adc.h ****         OVS_8,    /**< & */
  99:../../libDaisy//src/per/adc.h ****         OVS_16,   /**< & */
 100:../../libDaisy//src/per/adc.h ****         OVS_32,   /**< & */
 101:../../libDaisy//src/per/adc.h ****         OVS_64,   /**< & */
 102:../../libDaisy//src/per/adc.h ****         OVS_128,  /**< & */
 103:../../libDaisy//src/per/adc.h ****         OVS_256,  /**< & */
 104:../../libDaisy//src/per/adc.h ****         OVS_512,  /**< & */
 105:../../libDaisy//src/per/adc.h ****         OVS_1024, /**< & */
 106:../../libDaisy//src/per/adc.h ****         OVS_LAST, /**< & */
 107:../../libDaisy//src/per/adc.h ****     };
 108:../../libDaisy//src/per/adc.h **** 
 109:../../libDaisy//src/per/adc.h ****     AdcHandle() {}
 110:../../libDaisy//src/per/adc.h ****     ~AdcHandle() {}
  50              		.loc 4 110 5 is_stmt 1 view .LVU5
  51              		.loc 4 110 5 is_stmt 0 view .LVU6
  52              	.LBE76:
  53              	.LBB77:
  54              	.LBI77:
  55              		.file 5 "../../libDaisy//src/hid/audio.h"
   1:../../libDaisy//src/hid/audio.h **** #ifndef DSY_AUDIO_H
   2:../../libDaisy//src/hid/audio.h **** #define DSY_AUDIO_H /**< & */
   3:../../libDaisy//src/hid/audio.h **** 
   4:../../libDaisy//src/hid/audio.h **** #include "per/sai.h"
   5:../../libDaisy//src/hid/audio.h **** 
   6:../../libDaisy//src/hid/audio.h **** namespace daisy
   7:../../libDaisy//src/hid/audio.h **** {
   8:../../libDaisy//src/hid/audio.h **** /** @brief Audio Engine Handle
   9:../../libDaisy//src/hid/audio.h ****  *  @ingroup audio 
  10:../../libDaisy//src/hid/audio.h ****  *  @details This class allows for higher level access to an audio engine.
  11:../../libDaisy//src/hid/audio.h ****  *           If you're using a SOM like the DaisySeed or DaisyPatchSM (or any 
  12:../../libDaisy//src/hid/audio.h ****  *            board that includes one of those objects) then the intialization
  13:../../libDaisy//src/hid/audio.h ****  *            is already taken  care of.
  14:../../libDaisy//src/hid/audio.h ****  *           If you're setting up your own custom hardware, or need to make changes
  15:../../libDaisy//src/hid/audio.h ****  *           you will have to take the following steps:
  16:../../libDaisy//src/hid/audio.h ****  *             1. Create and Initialize an SaiHandle or two depending on your requirements
  17:../../libDaisy//src/hid/audio.h ****  *             2. Initialize the Audio Handle with the desired settings and the Initialized SaiHand
ARM GAS  /var/folders/zm/dfm8jqkx63j0zf3h43_v68380000gn/T//ccN4R1eo.s 			page 7


  18:../../libDaisy//src/hid/audio.h ****  *             3. If the connected codec requires special configuration or initialization, do so
  19:../../libDaisy//src/hid/audio.h ****  *             4. Write a callback method using either the AudioCallback or the InterleavingAudioCa
  20:../../libDaisy//src/hid/audio.h ****  *             5. Start the Audio using one of the StartAudio function
  21:../../libDaisy//src/hid/audio.h ****  */
  22:../../libDaisy//src/hid/audio.h **** class AudioHandle
  23:../../libDaisy//src/hid/audio.h **** {
  24:../../libDaisy//src/hid/audio.h ****   public:
  25:../../libDaisy//src/hid/audio.h ****     /** Manually configurable details about the Audio Engine */
  26:../../libDaisy//src/hid/audio.h ****     /** TODO: Figure out how to get samplerate in here. */
  27:../../libDaisy//src/hid/audio.h ****     struct Config
  28:../../libDaisy//src/hid/audio.h ****     {
  29:../../libDaisy//src/hid/audio.h ****         /** number of samples to process per callback */
  30:../../libDaisy//src/hid/audio.h ****         size_t blocksize;
  31:../../libDaisy//src/hid/audio.h **** 
  32:../../libDaisy//src/hid/audio.h ****         /**< Sample rate of audio */
  33:../../libDaisy//src/hid/audio.h ****         SaiHandle::Config::SampleRate samplerate;
  34:../../libDaisy//src/hid/audio.h **** 
  35:../../libDaisy//src/hid/audio.h ****         /** factor for adjustment before and after callback for hardware that may have extra headro
  36:../../libDaisy//src/hid/audio.h ****         float postgain;
  37:../../libDaisy//src/hid/audio.h **** 
  38:../../libDaisy//src/hid/audio.h ****         /** factor for additional one-sided compensation to audio path for hardware that may
  39:../../libDaisy//src/hid/audio.h ****          *  have unequal input/output ranges
  40:../../libDaisy//src/hid/audio.h ****          */
  41:../../libDaisy//src/hid/audio.h ****         float output_compensation;
  42:../../libDaisy//src/hid/audio.h **** 
  43:../../libDaisy//src/hid/audio.h ****         /** Sets default values for config struct */
  44:../../libDaisy//src/hid/audio.h ****         Config()
  45:../../libDaisy//src/hid/audio.h ****         : blocksize(48),
  46:../../libDaisy//src/hid/audio.h ****           samplerate(SaiHandle::Config::SampleRate::SAI_48KHZ),
  47:../../libDaisy//src/hid/audio.h ****           postgain(1.f),
  48:../../libDaisy//src/hid/audio.h ****           output_compensation(1.f)
  49:../../libDaisy//src/hid/audio.h ****         {
  50:../../libDaisy//src/hid/audio.h ****         }
  51:../../libDaisy//src/hid/audio.h ****     };
  52:../../libDaisy//src/hid/audio.h **** 
  53:../../libDaisy//src/hid/audio.h ****     enum class Result
  54:../../libDaisy//src/hid/audio.h ****     {
  55:../../libDaisy//src/hid/audio.h ****         OK,
  56:../../libDaisy//src/hid/audio.h ****         ERR,
  57:../../libDaisy//src/hid/audio.h ****     };
  58:../../libDaisy//src/hid/audio.h **** 
  59:../../libDaisy//src/hid/audio.h ****     /** Non-Interleaving input buffer
  60:../../libDaisy//src/hid/audio.h ****      * Buffer arranged by float[chn][sample] 
  61:../../libDaisy//src/hid/audio.h ****      * const so that the user can't modify the input
  62:../../libDaisy//src/hid/audio.h ****      */
  63:../../libDaisy//src/hid/audio.h ****     typedef const float* const* InputBuffer;
  64:../../libDaisy//src/hid/audio.h **** 
  65:../../libDaisy//src/hid/audio.h ****     /** Non-Interleaving output buffer
  66:../../libDaisy//src/hid/audio.h ****      * Arranged by float[chn][sample] 
  67:../../libDaisy//src/hid/audio.h ****      */
  68:../../libDaisy//src/hid/audio.h ****     typedef float** OutputBuffer;
  69:../../libDaisy//src/hid/audio.h **** 
  70:../../libDaisy//src/hid/audio.h ****     /** Type for a Non-Interleaving audio callback 
  71:../../libDaisy//src/hid/audio.h ****      * Non-Interleaving audio callbacks in daisy will be of this type
  72:../../libDaisy//src/hid/audio.h ****      */
  73:../../libDaisy//src/hid/audio.h ****     typedef void (*AudioCallback)(InputBuffer  in,
  74:../../libDaisy//src/hid/audio.h ****                                   OutputBuffer out,
ARM GAS  /var/folders/zm/dfm8jqkx63j0zf3h43_v68380000gn/T//ccN4R1eo.s 			page 8


  75:../../libDaisy//src/hid/audio.h ****                                   size_t       size);
  76:../../libDaisy//src/hid/audio.h **** 
  77:../../libDaisy//src/hid/audio.h ****     /** Interleaving Input buffer
  78:../../libDaisy//src/hid/audio.h ****      ** audio is prepared as { L0, R0, L1, R1, . . . LN, RN }]
  79:../../libDaisy//src/hid/audio.h ****      ** this is const, as the user shouldn't modify it
  80:../../libDaisy//src/hid/audio.h ****     */
  81:../../libDaisy//src/hid/audio.h ****     typedef const float* InterleavingInputBuffer;
  82:../../libDaisy//src/hid/audio.h **** 
  83:../../libDaisy//src/hid/audio.h ****     /** Interleaving Output buffer 
  84:../../libDaisy//src/hid/audio.h ****      ** audio is prepared as { L0, R0, L1, R1, . . . LN, RN }
  85:../../libDaisy//src/hid/audio.h ****     */
  86:../../libDaisy//src/hid/audio.h ****     typedef float* InterleavingOutputBuffer;
  87:../../libDaisy//src/hid/audio.h **** 
  88:../../libDaisy//src/hid/audio.h ****     /** Interleaving Audio Callback 
  89:../../libDaisy//src/hid/audio.h ****      * Interleaving audio callbacks in daisy must be of this type
  90:../../libDaisy//src/hid/audio.h ****      */
  91:../../libDaisy//src/hid/audio.h ****     typedef void (*InterleavingAudioCallback)(InterleavingInputBuffer  in,
  92:../../libDaisy//src/hid/audio.h ****                                               InterleavingOutputBuffer out,
  93:../../libDaisy//src/hid/audio.h ****                                               size_t                   size);
  94:../../libDaisy//src/hid/audio.h **** 
  95:../../libDaisy//src/hid/audio.h ****     AudioHandle() : pimpl_(nullptr) {}
  96:../../libDaisy//src/hid/audio.h ****     ~AudioHandle() {}
  56              		.loc 5 96 5 is_stmt 1 view .LVU7
  57              		.loc 5 96 5 is_stmt 0 view .LVU8
  58              	.LBE77:
  59              		.loc 1 22 19 view .LVU9
  60 0000 7047     		bx	lr
  61              		.cfi_endproc
  62              	.LFE2556:
  64              		.weak	_ZN5daisy9DaisySeedD1Ev
  65              		.thumb_set _ZN5daisy9DaisySeedD1Ev,_ZN5daisy9DaisySeedD2Ev
  66 0002 00BF     		.section	.rodata.main.str1.4,"aMS",%progbits,1
  67              		.align	2
  68              	.LC0:
  69 0000 52617720 		.ascii	"Raw ADC Value: %d\000"
  69      41444320 
  69      56616C75 
  69      653A2025 
  69      6400
  70 0012 0000     		.align	2
  71              	.LC1:
  72 0014 506F7465 		.ascii	"Potentiometer Value: %d%%\000"
  72      6E74696F 
  72      6D657465 
  72      72205661 
  72      6C75653A 
  73              		.section	.text.startup.main,"ax",%progbits
  74              		.align	1
  75              		.p2align 2,,3
  76              		.global	main
  77              		.syntax unified
  78              		.thumb
  79              		.thumb_func
  81              	main:
  82              	.LFB2561:
  83              		.file 6 "src/main.cpp"
   1:src/main.cpp  **** #include "daisy_seed.h"
ARM GAS  /var/folders/zm/dfm8jqkx63j0zf3h43_v68380000gn/T//ccN4R1eo.s 			page 9


   2:src/main.cpp  **** #include "sc_tools.h"
   3:src/main.cpp  **** #include "sc_config.h"
   4:src/main.cpp  **** 
   5:src/main.cpp  **** using namespace daisy;
   6:src/main.cpp  **** using namespace daisy::seed;
   7:src/main.cpp  **** 
   8:src/main.cpp  **** DaisySeed hw;
   9:src/main.cpp  **** 
  10:src/main.cpp  **** int main(void)
  11:src/main.cpp  **** {
  84              		.loc 6 11 1 is_stmt 1 view -0
  85              		.cfi_startproc
  86              		@ args = 0, pretend = 0, frame = 24
  87              		@ frame_needed = 0, uses_anonymous_args = 0
  12:src/main.cpp  ****     // Initialize the Daisy Seed
  13:src/main.cpp  ****     hw.Init();
  88              		.loc 6 13 5 view .LVU11
  11:src/main.cpp  ****     // Initialize the Daisy Seed
  89              		.loc 6 11 1 is_stmt 0 view .LVU12
  90 0000 10B5     		push	{r4, lr}
  91              		.cfi_def_cfa_offset 8
  92              		.cfi_offset 4, -8
  93              		.cfi_offset 14, -4
  94              		.loc 6 13 12 view .LVU13
  95 0002 0021     		movs	r1, #0
  96 0004 2348     		ldr	r0, .L6
  11:src/main.cpp  ****     // Initialize the Daisy Seed
  97              		.loc 6 11 1 view .LVU14
  98 0006 2DED028B 		vpush.64	{d8}
  99              		.cfi_def_cfa_offset 16
 100              		.cfi_offset 80, -16
 101              		.cfi_offset 81, -12
 102 000a 86B0     		sub	sp, sp, #24
 103              		.cfi_def_cfa_offset 40
 104              		.loc 6 13 12 view .LVU15
 105 000c FFF7FEFF 		bl	_ZN5daisy9DaisySeed4InitEb
 106              	.LVL1:
  14:src/main.cpp  **** 
  15:src/main.cpp  ****     // Start the Serial Logger
  16:src/main.cpp  ****     hw.StartLog();
 107              		.loc 6 16 5 is_stmt 1 view .LVU16
 108              	.LBB78:
 109              	.LBI78:
  23:../../libDaisy//src/daisy_seed.h **** 
  24:../../libDaisy//src/daisy_seed.h ****     /** This function used to provide a pre-initialization configuraiton 
  25:../../libDaisy//src/daisy_seed.h ****      *  it has since been deprecated, and does nothing.
  26:../../libDaisy//src/daisy_seed.h ****      */
  27:../../libDaisy//src/daisy_seed.h ****     void Configure();
  28:../../libDaisy//src/daisy_seed.h **** 
  29:../../libDaisy//src/daisy_seed.h ****     /** 
  30:../../libDaisy//src/daisy_seed.h ****     Initializes the Daisy Seed and the following peripherals:
  31:../../libDaisy//src/daisy_seed.h ****     SDRAM, QSPI, 24-bit 48kHz Audio via AK4556, Internal USB,
  32:../../libDaisy//src/daisy_seed.h ****     as well as the built-in LED and Testpoint.
  33:../../libDaisy//src/daisy_seed.h **** 
  34:../../libDaisy//src/daisy_seed.h ****     ADCs, DACs, and other special peripherals (such as I2C, SPI, etc.)
  35:../../libDaisy//src/daisy_seed.h ****     can be initialized using their specific initializers within libdaisy
  36:../../libDaisy//src/daisy_seed.h ****     for a specific application.
ARM GAS  /var/folders/zm/dfm8jqkx63j0zf3h43_v68380000gn/T//ccN4R1eo.s 			page 10


  37:../../libDaisy//src/daisy_seed.h ****     */
  38:../../libDaisy//src/daisy_seed.h ****     void Init(bool boost = false);
  39:../../libDaisy//src/daisy_seed.h **** 
  40:../../libDaisy//src/daisy_seed.h ****     /** 
  41:../../libDaisy//src/daisy_seed.h ****     Deinitializes all peripherals automatically handled by `Init`.
  42:../../libDaisy//src/daisy_seed.h ****     */
  43:../../libDaisy//src/daisy_seed.h ****     void DeInit();
  44:../../libDaisy//src/daisy_seed.h **** 
  45:../../libDaisy//src/daisy_seed.h ****     /** 
  46:../../libDaisy//src/daisy_seed.h ****     Wait some ms before going on.
  47:../../libDaisy//src/daisy_seed.h ****     \param del Delay time in ms.
  48:../../libDaisy//src/daisy_seed.h ****     */
  49:../../libDaisy//src/daisy_seed.h ****     void DelayMs(size_t del);
  50:../../libDaisy//src/daisy_seed.h **** 
  51:../../libDaisy//src/daisy_seed.h ****     /** 
  52:../../libDaisy//src/daisy_seed.h ****     Returns the gpio_pin corresponding to the index 0-31.
  53:../../libDaisy//src/daisy_seed.h ****     For the given GPIO on the Daisy Seed (labeled 1-32 in docs).
  54:../../libDaisy//src/daisy_seed.h ****     */
  55:../../libDaisy//src/daisy_seed.h ****     static dsy_gpio_pin GetPin(uint8_t pin_idx);
  56:../../libDaisy//src/daisy_seed.h **** 
  57:../../libDaisy//src/daisy_seed.h ****     /** Begins the audio for the seeds builtin audio.
  58:../../libDaisy//src/daisy_seed.h ****     the specified callback will get called whenever
  59:../../libDaisy//src/daisy_seed.h ****     new data is ready to be prepared.
  60:../../libDaisy//src/daisy_seed.h ****     */
  61:../../libDaisy//src/daisy_seed.h ****     void StartAudio(AudioHandle::InterleavingAudioCallback cb);
  62:../../libDaisy//src/daisy_seed.h **** 
  63:../../libDaisy//src/daisy_seed.h ****     /** Begins the audio for the seeds builtin audio.
  64:../../libDaisy//src/daisy_seed.h ****     the specified callback will get called whenever
  65:../../libDaisy//src/daisy_seed.h ****     new data is ready to be prepared.
  66:../../libDaisy//src/daisy_seed.h ****     This will use the newer non-interleaved callback.
  67:../../libDaisy//src/daisy_seed.h ****     */
  68:../../libDaisy//src/daisy_seed.h ****     void StartAudio(AudioHandle::AudioCallback cb);
  69:../../libDaisy//src/daisy_seed.h **** 
  70:../../libDaisy//src/daisy_seed.h ****     /** Changes to a new interleaved callback
  71:../../libDaisy//src/daisy_seed.h ****      */
  72:../../libDaisy//src/daisy_seed.h ****     void ChangeAudioCallback(AudioHandle::InterleavingAudioCallback cb);
  73:../../libDaisy//src/daisy_seed.h **** 
  74:../../libDaisy//src/daisy_seed.h ****     /** Changes to a new multichannel callback
  75:../../libDaisy//src/daisy_seed.h ****      */
  76:../../libDaisy//src/daisy_seed.h ****     void ChangeAudioCallback(AudioHandle::AudioCallback cb);
  77:../../libDaisy//src/daisy_seed.h **** 
  78:../../libDaisy//src/daisy_seed.h ****     /** Stops the audio if it is running. */
  79:../../libDaisy//src/daisy_seed.h ****     void StopAudio();
  80:../../libDaisy//src/daisy_seed.h **** 
  81:../../libDaisy//src/daisy_seed.h ****     /** Updates the Audio Sample Rate, and reinitializes.
  82:../../libDaisy//src/daisy_seed.h ****      ** Audio must be stopped for this to work.
  83:../../libDaisy//src/daisy_seed.h ****      */
  84:../../libDaisy//src/daisy_seed.h ****     void SetAudioSampleRate(SaiHandle::Config::SampleRate samplerate);
  85:../../libDaisy//src/daisy_seed.h **** 
  86:../../libDaisy//src/daisy_seed.h ****     /** Returns the audio sample rate in Hz as a floating point number.
  87:../../libDaisy//src/daisy_seed.h ****      */
  88:../../libDaisy//src/daisy_seed.h ****     float AudioSampleRate();
  89:../../libDaisy//src/daisy_seed.h **** 
  90:../../libDaisy//src/daisy_seed.h ****     /** Sets the number of samples processed per channel by the audio callback.
  91:../../libDaisy//src/daisy_seed.h ****      */
  92:../../libDaisy//src/daisy_seed.h ****     void SetAudioBlockSize(size_t blocksize);
  93:../../libDaisy//src/daisy_seed.h **** 
ARM GAS  /var/folders/zm/dfm8jqkx63j0zf3h43_v68380000gn/T//ccN4R1eo.s 			page 11


  94:../../libDaisy//src/daisy_seed.h ****     /** Returns the number of samples per channel in a block of audio. */
  95:../../libDaisy//src/daisy_seed.h ****     size_t AudioBlockSize();
  96:../../libDaisy//src/daisy_seed.h **** 
  97:../../libDaisy//src/daisy_seed.h ****     /** Returns the rate in Hz that the Audio callback is called */
  98:../../libDaisy//src/daisy_seed.h ****     float AudioCallbackRate() const;
  99:../../libDaisy//src/daisy_seed.h **** 
 100:../../libDaisy//src/daisy_seed.h ****     /** Returns the SAI Handle for the Daisy Seed 
 101:../../libDaisy//src/daisy_seed.h ****      *  This can be useful when adding a secondary codec,
 102:../../libDaisy//src/daisy_seed.h ****      *  the result of this function can be passed to the audio reinit 
 103:../../libDaisy//src/daisy_seed.h ****      *  with an SAI2 configuration
 104:../../libDaisy//src/daisy_seed.h ****      */
 105:../../libDaisy//src/daisy_seed.h ****     const SaiHandle& AudioSaiHandle() const;
 106:../../libDaisy//src/daisy_seed.h **** 
 107:../../libDaisy//src/daisy_seed.h ****     /** Sets the state of the built in LED
 108:../../libDaisy//src/daisy_seed.h ****      */
 109:../../libDaisy//src/daisy_seed.h ****     void SetLed(bool state);
 110:../../libDaisy//src/daisy_seed.h **** 
 111:../../libDaisy//src/daisy_seed.h ****     /** Sets the state of the test point near pin 10
 112:../../libDaisy//src/daisy_seed.h ****      */
 113:../../libDaisy//src/daisy_seed.h ****     void SetTestPoint(bool state);
 114:../../libDaisy//src/daisy_seed.h **** 
 115:../../libDaisy//src/daisy_seed.h ****     /** Print formatted debug log message
 116:../../libDaisy//src/daisy_seed.h ****      */
 117:../../libDaisy//src/daisy_seed.h ****     template <typename... VA>
 118:../../libDaisy//src/daisy_seed.h ****     static void Print(const char* format, VA... va)
 119:../../libDaisy//src/daisy_seed.h ****     {
 120:../../libDaisy//src/daisy_seed.h ****         Log::Print(format, va...);
 121:../../libDaisy//src/daisy_seed.h ****     }
 122:../../libDaisy//src/daisy_seed.h **** 
 123:../../libDaisy//src/daisy_seed.h ****     /** Print formatted debug log message with automatic line termination
 124:../../libDaisy//src/daisy_seed.h ****     */
 125:../../libDaisy//src/daisy_seed.h ****     template <typename... VA>
 126:../../libDaisy//src/daisy_seed.h ****     static void PrintLine(const char* format, VA... va)
 127:../../libDaisy//src/daisy_seed.h ****     {
 128:../../libDaisy//src/daisy_seed.h ****         Log::PrintLine(format, va...);
 129:../../libDaisy//src/daisy_seed.h ****     }
 130:../../libDaisy//src/daisy_seed.h **** 
 131:../../libDaisy//src/daisy_seed.h ****     /** Start the logging session. Optionally wait for terminal connection before proceeding.
 132:../../libDaisy//src/daisy_seed.h ****     */
 133:../../libDaisy//src/daisy_seed.h ****     static void StartLog(bool wait_for_pc = false)
 110              		.loc 1 133 17 view .LVU17
 111              	.LBB79:
 134:../../libDaisy//src/daisy_seed.h ****     {
 135:../../libDaisy//src/daisy_seed.h ****         Log::StartLog(wait_for_pc);
 112              		.loc 1 135 9 view .LVU18
 113              		.loc 1 135 22 is_stmt 0 view .LVU19
 114 0010 0020     		movs	r0, #0
 115 0012 FFF7FEFF 		bl	_ZN5daisy6LoggerILNS_17LoggerDestinationE1EE8StartLogEb
 116              	.LVL2:
 117              		.loc 1 135 22 view .LVU20
 118              	.LBE79:
 119              	.LBE78:
  17:src/main.cpp  **** 
  18:src/main.cpp  ****     // Configure the ADC for the potentiometer
  19:src/main.cpp  ****     AdcChannelConfig adc_cfg;
 120              		.loc 6 19 5 is_stmt 1 view .LVU21
  20:src/main.cpp  ****     adc_cfg.InitSingle(seed::A0);
ARM GAS  /var/folders/zm/dfm8jqkx63j0zf3h43_v68380000gn/T//ccN4R1eo.s 			page 12


 121              		.loc 6 20 5 view .LVU22
 122              		.loc 6 20 23 is_stmt 0 view .LVU23
 123 0016 0222     		movs	r2, #2
 124 0018 0023     		movs	r3, #0
 125 001a 01A8     		add	r0, sp, #4
 126 001c 8DF80020 		strb	r2, [sp]
 127 0020 8DF80130 		strb	r3, [sp, #1]
 128 0024 0099     		ldr	r1, [sp]
 129 0026 FFF7FEFF 		bl	_ZN5daisy16AdcChannelConfig10InitSingleE12dsy_gpio_pinNS0_15ConversionSpeedE
 130              	.LVL3:
  21:src/main.cpp  **** 
  22:src/main.cpp  ****     // Initialize the ADC with our configuration
  23:src/main.cpp  ****     hw.adc.Init(&adc_cfg, 1);
 131              		.loc 6 23 5 is_stmt 1 view .LVU24
 132              		.loc 6 23 16 is_stmt 0 view .LVU25
 133 002a 0423     		movs	r3, #4
 134 002c 1A48     		ldr	r0, .L6+4
 135 002e 0122     		movs	r2, #1
 136 0030 0DEB0301 		add	r1, sp, r3
 137 0034 FFF7FEFF 		bl	_ZN5daisy9AdcHandle4InitEPNS_16AdcChannelConfigEjNS0_12OverSamplingE
 138              	.LVL4:
  24:src/main.cpp  **** 
  25:src/main.cpp  ****     // Start the ADC conversions in the background
  26:src/main.cpp  ****     hw.adc.Start();
 139              		.loc 6 26 5 is_stmt 1 view .LVU26
 140              		.loc 6 26 17 is_stmt 0 view .LVU27
 141 0038 1748     		ldr	r0, .L6+4
 142 003a FFF7FEFF 		bl	_ZN5daisy9AdcHandle5StartEv
 143              	.LVL5:
 144              	.L4:
  27:src/main.cpp  **** 
  28:src/main.cpp  ****     while(1)
 145              		.loc 6 28 5 is_stmt 1 discriminator 1 view .LVU28
 146              	.LBB80:
  29:src/main.cpp  ****     {
  30:src/main.cpp  ****         // Read the potentiometer value
  31:src/main.cpp  ****         uint16_t pot_value = hw.adc.Get(0);
 147              		.loc 6 31 9 discriminator 1 view .LVU29
 148              		.loc 6 31 40 is_stmt 0 discriminator 1 view .LVU30
 149 003e 0021     		movs	r1, #0
 150 0040 1548     		ldr	r0, .L6+4
 151 0042 FFF7FEFF 		bl	_ZNK5daisy9AdcHandle3GetEh
 152              	.LVL6:
 153 0046 0446     		mov	r4, r0
  32:src/main.cpp  **** 
  33:src/main.cpp  ****         // Print the raw ADC value for debugging
  34:src/main.cpp  ****         debug_print("Raw ADC Value: %d", pot_value);
 154              		.loc 6 34 20 discriminator 1 view .LVU31
 155 0048 1448     		ldr	r0, .L6+8
 156              	.LVL7:
 157              		.loc 6 34 9 is_stmt 1 discriminator 1 view .LVU32
 158              		.loc 6 34 20 is_stmt 0 discriminator 1 view .LVU33
 159 004a 2146     		mov	r1, r4
 160 004c FFF7FEFF 		bl	_Z11debug_printPKcz
 161              	.LVL8:
  35:src/main.cpp  **** 
  36:src/main.cpp  ****         // Normalize the potentiometer value to a range of 0.0 to 1.0
ARM GAS  /var/folders/zm/dfm8jqkx63j0zf3h43_v68380000gn/T//ccN4R1eo.s 			page 13


  37:src/main.cpp  ****         float normalized_value = static_cast<float>(pot_value) / 65535.0f;
 162              		.loc 6 37 9 is_stmt 1 discriminator 1 view .LVU34
 163              		.loc 6 37 34 is_stmt 0 discriminator 1 view .LVU35
 164 0050 07EE904A 		vmov	s15, r4	@ int
 165              		.loc 6 37 15 discriminator 1 view .LVU36
 166 0054 9FED127A 		vldr.32	s14, .L6+12
 167              		.loc 6 37 34 discriminator 1 view .LVU37
 168 0058 F8EE677A 		vcvt.f32.u32	s15, s15
  38:src/main.cpp  ****         
  39:src/main.cpp  ****         // Convert normalized value to percentage
  40:src/main.cpp  ****         int percentage_value = static_cast<int>(normalized_value * 100);
  41:src/main.cpp  **** 
  42:src/main.cpp  ****         // Set the USER LED brightness based on the potentiometer value
  43:src/main.cpp  ****         hw.SetLed(normalized_value);
 169              		.loc 6 43 18 discriminator 1 view .LVU38
 170 005c 0D48     		ldr	r0, .L6
  37:src/main.cpp  ****         
 171              		.loc 6 37 15 discriminator 1 view .LVU39
 172 005e 87EE878A 		vdiv.f32	s16, s15, s14
 173              	.LVL9:
  40:src/main.cpp  **** 
 174              		.loc 6 40 9 is_stmt 1 discriminator 1 view .LVU40
 175              		.loc 6 43 9 discriminator 1 view .LVU41
 176              		.loc 6 43 18 is_stmt 0 discriminator 1 view .LVU42
 177 0062 B5EE408A 		vcmp.f32	s16, #0
 178 0066 F1EE10FA 		vmrs	APSR_nzcv, FPSCR
 179 006a 14BF     		ite	ne
 180 006c 0121     		movne	r1, #1
 181 006e 0021     		moveq	r1, #0
 182 0070 FFF7FEFF 		bl	_ZN5daisy9DaisySeed6SetLedEb
 183              	.LVL10:
  44:src/main.cpp  **** 
  45:src/main.cpp  ****         // Print the potentiometer value as a percentage
  46:src/main.cpp  ****         debug_print("Potentiometer Value: %d%%", percentage_value);
 184              		.loc 6 46 9 is_stmt 1 discriminator 1 view .LVU43
  40:src/main.cpp  **** 
 185              		.loc 6 40 66 is_stmt 0 discriminator 1 view .LVU44
 186 0074 DFED0B7A 		vldr.32	s15, .L6+16
 187              		.loc 6 46 20 discriminator 1 view .LVU45
 188 0078 0B48     		ldr	r0, .L6+20
  40:src/main.cpp  **** 
 189              		.loc 6 40 66 discriminator 1 view .LVU46
 190 007a 28EE278A 		vmul.f32	s16, s16, s15
 191              	.LVL11:
 192              		.loc 6 46 20 discriminator 1 view .LVU47
 193 007e FDEEC87A 		vcvt.s32.f32	s15, s16
 194 0082 17EE901A 		vmov	r1, s15	@ int
 195 0086 FFF7FEFF 		bl	_Z11debug_printPKcz
 196              	.LVL12:
  47:src/main.cpp  **** 
  48:src/main.cpp  ****         if (DEBUG)
 197              		.loc 6 48 9 is_stmt 1 discriminator 1 view .LVU48
  49:src/main.cpp  ****         {
  50:src/main.cpp  ****             // Delay to avoid flooding the serial output
  51:src/main.cpp  ****             System::Delay(250);
 198              		.loc 6 51 13 discriminator 1 view .LVU49
 199              		.loc 6 51 26 is_stmt 0 discriminator 1 view .LVU50
ARM GAS  /var/folders/zm/dfm8jqkx63j0zf3h43_v68380000gn/T//ccN4R1eo.s 			page 14


 200 008a FA20     		movs	r0, #250
 201 008c FFF7FEFF 		bl	_ZN5daisy6System5DelayEm
 202              	.LVL13:
 203              	.LBE80:
  28:src/main.cpp  ****     {
 204              		.loc 6 28 5 is_stmt 1 discriminator 1 view .LVU51
 205 0090 D5E7     		b	.L4
 206              	.L7:
 207 0092 00BF     		.align	2
 208              	.L6:
 209 0094 00000000 		.word	.LANCHOR0
 210 0098 18000000 		.word	.LANCHOR0+24
 211 009c 00000000 		.word	.LC0
 212 00a0 00FF7F47 		.word	1199570688
 213 00a4 0000C842 		.word	1120403456
 214 00a8 14000000 		.word	.LC1
 215              		.cfi_endproc
 216              	.LFE2561:
 218              		.section	.text.startup._GLOBAL__sub_I_hw,"ax",%progbits
 219              		.align	1
 220              		.p2align 2,,3
 221              		.syntax unified
 222              		.thumb
 223              		.thumb_func
 225              	_GLOBAL__sub_I_hw:
 226              	.LFB2580:
  52:src/main.cpp  ****         }
  53:src/main.cpp  ****     }
  54:src/main.cpp  **** }...
 227              		.loc 6 54 1 view -0
 228              		.cfi_startproc
 229              		@ args = 0, pretend = 0, frame = 0
 230              		@ frame_needed = 0, uses_anonymous_args = 0
 231              		@ link register save eliminated.
 232              	.LBB102:
 233              	.LBI102:
 234              		.loc 6 54 1 view .LVU53
 235              	.LVL14:
 236              	.LBB103:
 237              	.LBB104:
 238              	.LBI104:
  21:../../libDaisy//src/daisy_seed.h ****     ~DaisySeed() {}
 239              		.loc 1 21 5 view .LVU54
 240              	.LBB105:
 241              	.LBB106:
 242              	.LBI106:
 243              		.file 7 "../../libDaisy//src/per/qspi.h"
   1:../../libDaisy//src/per/qspi.h **** #ifndef DSY_QSPI
   2:../../libDaisy//src/per/qspi.h **** #define DSY_QSPI /**< Macro */
   3:../../libDaisy//src/per/qspi.h **** 
   4:../../libDaisy//src/per/qspi.h **** #ifndef UNIT_TEST // for unit tests, a dummy implementation
   5:../../libDaisy//src/per/qspi.h **** 
   6:../../libDaisy//src/per/qspi.h **** #include <cstdint>
   7:../../libDaisy//src/per/qspi.h **** #include "daisy_core.h" // Added for dsy_gpio_pin typedef
   8:../../libDaisy//src/per/qspi.h **** 
   9:../../libDaisy//src/per/qspi.h **** #define DSY_QSPI_TEXT       \
  10:../../libDaisy//src/per/qspi.h ****     __attribute__((section( \
ARM GAS  /var/folders/zm/dfm8jqkx63j0zf3h43_v68380000gn/T//ccN4R1eo.s 			page 15


  11:../../libDaisy//src/per/qspi.h ****         ".qspiflash_text"))) /**< used for reading memory in memory_mapped mode. */
  12:../../libDaisy//src/per/qspi.h **** #define DSY_QSPI_DATA       \
  13:../../libDaisy//src/per/qspi.h ****     __attribute__((section( \
  14:../../libDaisy//src/per/qspi.h ****         ".qspiflash_data"))) /**< used for reading memory in memory_mapped mode. */
  15:../../libDaisy//src/per/qspi.h **** #define DSY_QSPI_BSS        \
  16:../../libDaisy//src/per/qspi.h ****     __attribute__((section( \
  17:../../libDaisy//src/per/qspi.h ****         ".qspiflash_bss"))) /**< used for reading memory in memory_mapped mode. */
  18:../../libDaisy//src/per/qspi.h **** 
  19:../../libDaisy//src/per/qspi.h **** namespace daisy
  20:../../libDaisy//src/per/qspi.h **** {
  21:../../libDaisy//src/per/qspi.h **** /** @addtogroup serial
  22:../../libDaisy//src/per/qspi.h **** @{
  23:../../libDaisy//src/per/qspi.h **** */
  24:../../libDaisy//src/per/qspi.h **** 
  25:../../libDaisy//src/per/qspi.h **** /** 
  26:../../libDaisy//src/per/qspi.h ****  Driver for QSPI peripheral to interface with external flash memory. \n 
  27:../../libDaisy//src/per/qspi.h ****     Currently supported QSPI Devices: \n 
  28:../../libDaisy//src/per/qspi.h ****     * IS25LP080D
  29:../../libDaisy//src/per/qspi.h **** */
  30:../../libDaisy//src/per/qspi.h **** class QSPIHandle
  31:../../libDaisy//src/per/qspi.h **** {
  32:../../libDaisy//src/per/qspi.h ****   public:
  33:../../libDaisy//src/per/qspi.h ****     enum Result
  34:../../libDaisy//src/per/qspi.h ****     {
  35:../../libDaisy//src/per/qspi.h ****         OK = 0,
  36:../../libDaisy//src/per/qspi.h ****         ERR
  37:../../libDaisy//src/per/qspi.h ****     };
  38:../../libDaisy//src/per/qspi.h **** 
  39:../../libDaisy//src/per/qspi.h ****     /** Indicates the current status of the module. 
  40:../../libDaisy//src/per/qspi.h ****          *  Warnings are indicated by a leading W.
  41:../../libDaisy//src/per/qspi.h ****          *  Errors are indicated by a leading E and cause an immediate exit.
  42:../../libDaisy//src/per/qspi.h ****          * 
  43:../../libDaisy//src/per/qspi.h ****          *  \param GOOD - No errors have been reported.
  44:../../libDaisy//src/per/qspi.h ****          *  \param E_HAL_ERROR - HAL code did not return HAL_OK.
  45:../../libDaisy//src/per/qspi.h ****          *  \param E_SWITCHING_MODES - An error was encountered while switching QSPI peripheral mod
  46:../../libDaisy//src/per/qspi.h ****          *  \param E_INVALID_MODE - QSPI should not be written to while the program is executing fr
  47:../../libDaisy//src/per/qspi.h ****          */
  48:../../libDaisy//src/per/qspi.h ****     enum Status
  49:../../libDaisy//src/per/qspi.h ****     {
  50:../../libDaisy//src/per/qspi.h ****         GOOD = 0,
  51:../../libDaisy//src/per/qspi.h ****         E_HAL_ERROR,
  52:../../libDaisy//src/per/qspi.h ****         E_SWITCHING_MODES,
  53:../../libDaisy//src/per/qspi.h ****         E_INVALID_MODE,
  54:../../libDaisy//src/per/qspi.h ****     };
  55:../../libDaisy//src/per/qspi.h **** 
  56:../../libDaisy//src/per/qspi.h ****     /** Configuration structure for interfacing with QSPI Driver */
  57:../../libDaisy//src/per/qspi.h ****     struct Config
  58:../../libDaisy//src/per/qspi.h ****     {
  59:../../libDaisy//src/per/qspi.h ****         /** Flash Devices supported. (Both of these are more-or-less the same, just different sizes
  60:../../libDaisy//src/per/qspi.h ****         enum Device
  61:../../libDaisy//src/per/qspi.h ****         {
  62:../../libDaisy//src/per/qspi.h ****             IS25LP080D,  /**< & */
  63:../../libDaisy//src/per/qspi.h ****             IS25LP064A,  /**< & */
  64:../../libDaisy//src/per/qspi.h ****             DEVICE_LAST, /**< & */
  65:../../libDaisy//src/per/qspi.h ****         };
  66:../../libDaisy//src/per/qspi.h **** 
  67:../../libDaisy//src/per/qspi.h ****         /** 
ARM GAS  /var/folders/zm/dfm8jqkx63j0zf3h43_v68380000gn/T//ccN4R1eo.s 			page 16


  68:../../libDaisy//src/per/qspi.h ****         Modes of operation.
  69:../../libDaisy//src/per/qspi.h ****         Memory Mapped mode: QSPI configured so that the QSPI can be
  70:../../libDaisy//src/per/qspi.h ****         read from starting address 0x90000000. Writing is not
  71:../../libDaisy//src/per/qspi.h ****         possible in this mode. \n 
  72:../../libDaisy//src/per/qspi.h ****         Indirect Polling mode: Device driver enabled. 
  73:../../libDaisy//src/per/qspi.h ****         */
  74:../../libDaisy//src/per/qspi.h ****         enum Mode
  75:../../libDaisy//src/per/qspi.h ****         {
  76:../../libDaisy//src/per/qspi.h ****             MEMORY_MAPPED,    /**< & */
  77:../../libDaisy//src/per/qspi.h ****             INDIRECT_POLLING, /**< & */
  78:../../libDaisy//src/per/qspi.h ****             MODE_LAST,
  79:../../libDaisy//src/per/qspi.h ****         };
  80:../../libDaisy//src/per/qspi.h **** 
  81:../../libDaisy//src/per/qspi.h ****         //SCK,  CE# (active low)
  82:../../libDaisy//src/per/qspi.h ****         struct
  83:../../libDaisy//src/per/qspi.h ****         {
  84:../../libDaisy//src/per/qspi.h ****             dsy_gpio_pin io0; /**< & */
  85:../../libDaisy//src/per/qspi.h ****             dsy_gpio_pin io1; /**< & */
  86:../../libDaisy//src/per/qspi.h ****             dsy_gpio_pin io2; /**< & */
  87:../../libDaisy//src/per/qspi.h ****             dsy_gpio_pin io3; /**< & */
  88:../../libDaisy//src/per/qspi.h ****             dsy_gpio_pin clk; /**< & */
  89:../../libDaisy//src/per/qspi.h ****             dsy_gpio_pin ncs; /**< & */
  90:../../libDaisy//src/per/qspi.h ****         } pin_config;
  91:../../libDaisy//src/per/qspi.h **** 
  92:../../libDaisy//src/per/qspi.h ****         Device device;
  93:../../libDaisy//src/per/qspi.h ****         Mode   mode;
  94:../../libDaisy//src/per/qspi.h ****     };
  95:../../libDaisy//src/per/qspi.h **** 
  96:../../libDaisy//src/per/qspi.h ****     /** 
  97:../../libDaisy//src/per/qspi.h ****         Initializes QSPI peripheral, and Resets, and prepares memory for access.
  98:../../libDaisy//src/per/qspi.h ****         \param config should be populated with the mode, device and pin_config before calling this 
  99:../../libDaisy//src/per/qspi.h ****         \return Result::OK or Result::ERR
 100:../../libDaisy//src/per/qspi.h ****         */
 101:../../libDaisy//src/per/qspi.h ****     Result Init(const Config& config);
 102:../../libDaisy//src/per/qspi.h **** 
 103:../../libDaisy//src/per/qspi.h ****     /** Returns the current config. */
 104:../../libDaisy//src/per/qspi.h ****     const Config& GetConfig() const;
 105:../../libDaisy//src/per/qspi.h **** 
 106:../../libDaisy//src/per/qspi.h ****     // Couldn't this just be called before anything else in init? That
 107:../../libDaisy//src/per/qspi.h ****     // would make manually calling it unnecessary.
 108:../../libDaisy//src/per/qspi.h ****     /** 
 109:../../libDaisy//src/per/qspi.h ****         Deinitializes the peripheral
 110:../../libDaisy//src/per/qspi.h ****         This should be called before reinitializing QSPI in a different mode.
 111:../../libDaisy//src/per/qspi.h ****         \return Result::OK or Result::ERR
 112:../../libDaisy//src/per/qspi.h ****         */
 113:../../libDaisy//src/per/qspi.h ****     Result DeInit();
 114:../../libDaisy//src/per/qspi.h **** 
 115:../../libDaisy//src/per/qspi.h ****     /** 
 116:../../libDaisy//src/per/qspi.h ****         Writes a single page to to the specified address on the QSPI chip.
 117:../../libDaisy//src/per/qspi.h ****         For IS25LP*, page size is 256 bytes.
 118:../../libDaisy//src/per/qspi.h ****         \param address Address to write to
 119:../../libDaisy//src/per/qspi.h ****         \param size Buffer size
 120:../../libDaisy//src/per/qspi.h ****         \param buffer Buffer to write
 121:../../libDaisy//src/per/qspi.h ****         \return Result::OK or Result::ERR
 122:../../libDaisy//src/per/qspi.h ****         */
 123:../../libDaisy//src/per/qspi.h ****     Result WritePage(uint32_t address, uint32_t size, uint8_t* buffer);
 124:../../libDaisy//src/per/qspi.h **** 
ARM GAS  /var/folders/zm/dfm8jqkx63j0zf3h43_v68380000gn/T//ccN4R1eo.s 			page 17


 125:../../libDaisy//src/per/qspi.h ****     /** 
 126:../../libDaisy//src/per/qspi.h ****         Writes data in buffer to to the QSPI. Starting at address to address+size 
 127:../../libDaisy//src/per/qspi.h ****         \param address Address to write to
 128:../../libDaisy//src/per/qspi.h ****         \param size Buffer size
 129:../../libDaisy//src/per/qspi.h ****         \param buffer Buffer to write
 130:../../libDaisy//src/per/qspi.h ****         \return Result::OK or Result::ERR
 131:../../libDaisy//src/per/qspi.h ****         */
 132:../../libDaisy//src/per/qspi.h ****     Result Write(uint32_t address, uint32_t size, uint8_t* buffer);
 133:../../libDaisy//src/per/qspi.h **** 
 134:../../libDaisy//src/per/qspi.h ****     /** 
 135:../../libDaisy//src/per/qspi.h ****         Erases the area specified on the chip.
 136:../../libDaisy//src/per/qspi.h ****         Erasures will happen by 4K, 32K or 64K increments.
 137:../../libDaisy//src/per/qspi.h ****         Smallest erase possible is 4kB at a time. (on IS25LP*)
 138:../../libDaisy//src/per/qspi.h ****         \param start_addr Address to begin erasing from
 139:../../libDaisy//src/per/qspi.h ****         \param end_addr  Address to stop erasing at
 140:../../libDaisy//src/per/qspi.h ****         \return Result::OK or Result::ERR
 141:../../libDaisy//src/per/qspi.h ****         */
 142:../../libDaisy//src/per/qspi.h ****     Result Erase(uint32_t start_addr, uint32_t end_addr);
 143:../../libDaisy//src/per/qspi.h **** 
 144:../../libDaisy//src/per/qspi.h ****     /**  
 145:../../libDaisy//src/per/qspi.h ****          Erases a single sector of the chip.  
 146:../../libDaisy//src/per/qspi.h ****         TODO: Document the size of this function. 
 147:../../libDaisy//src/per/qspi.h ****         \param address Address of sector to erase
 148:../../libDaisy//src/per/qspi.h ****         \return Result::OK or Result::ERR
 149:../../libDaisy//src/per/qspi.h ****         */
 150:../../libDaisy//src/per/qspi.h ****     Result EraseSector(uint32_t address);
 151:../../libDaisy//src/per/qspi.h **** 
 152:../../libDaisy//src/per/qspi.h ****     /** Returns the current class status. Useful for debugging.
 153:../../libDaisy//src/per/qspi.h ****      *  \returns Status
 154:../../libDaisy//src/per/qspi.h ****      */
 155:../../libDaisy//src/per/qspi.h ****     Status GetStatus();
 156:../../libDaisy//src/per/qspi.h **** 
 157:../../libDaisy//src/per/qspi.h ****     /** Returns a pointer to the actual memory used 
 158:../../libDaisy//src/per/qspi.h ****      *  The memory at this address is read-only
 159:../../libDaisy//src/per/qspi.h ****      *  to write to it use the Write function.
 160:../../libDaisy//src/per/qspi.h ****      * 
 161:../../libDaisy//src/per/qspi.h ****      *  \param offset returns the pointer starting this 
 162:../../libDaisy//src/per/qspi.h ****      *                many bytes into the memory
 163:../../libDaisy//src/per/qspi.h ****     */
 164:../../libDaisy//src/per/qspi.h ****     void* GetData(uint32_t offset = 0);
 165:../../libDaisy//src/per/qspi.h **** 
 166:../../libDaisy//src/per/qspi.h ****     QSPIHandle() : pimpl_(nullptr) {}
 244              		.loc 7 166 5 view .LVU55
 245              	.LBB107:
 246              	.LBB108:
 247              		.loc 7 166 34 is_stmt 0 view .LVU56
 248 0000 0448     		ldr	r0, .L9
 249 0002 0023     		movs	r3, #0
 250              	.LBE108:
 251              	.LBE107:
 252              	.LBE106:
 253              	.LBE105:
 254              	.LBE104:
   8:src/main.cpp  **** DaisySeed hw;
 255              		.loc 6 8 11 view .LVU57
 256 0004 044A     		ldr	r2, .L9+4
 257 0006 0549     		ldr	r1, .L9+8
ARM GAS  /var/folders/zm/dfm8jqkx63j0zf3h43_v68380000gn/T//ccN4R1eo.s 			page 18


 258              	.LBB125:
 259              	.LBB124:
 260              	.LBB111:
 261              	.LBB110:
 262              	.LBB109:
 263              		.loc 7 166 34 view .LVU58
 264 0008 0360     		str	r3, [r0]
 265              	.LVL15:
 266              		.loc 7 166 34 view .LVU59
 267              	.LBE109:
 268              	.LBE110:
 269              	.LBE111:
 270              	.LBB112:
 271              	.LBI112:
  95:../../libDaisy//src/hid/audio.h ****     ~AudioHandle() {}
 272              		.loc 5 95 5 is_stmt 1 view .LVU60
 273              	.LBB113:
 274              	.LBB114:
  95:../../libDaisy//src/hid/audio.h ****     ~AudioHandle() {}
 275              		.loc 5 95 35 is_stmt 0 view .LVU61
 276 000a 4361     		str	r3, [r0, #20]
 277              	.LVL16:
  95:../../libDaisy//src/hid/audio.h ****     ~AudioHandle() {}
 278              		.loc 5 95 35 view .LVU62
 279              	.LBE114:
 280              	.LBE113:
 281              	.LBE112:
 282              	.LBB115:
 283              	.LBI115:
 109:../../libDaisy//src/per/adc.h ****     ~AdcHandle() {}
 284              		.loc 4 109 5 is_stmt 1 view .LVU63
 109:../../libDaisy//src/per/adc.h ****     ~AdcHandle() {}
 285              		.loc 4 109 5 is_stmt 0 view .LVU64
 286              	.LBE115:
 287              	.LBB116:
 288              	.LBI116:
 289              		.file 8 "../../libDaisy//src/per/dac.h"
   1:../../libDaisy//src/per/dac.h **** #pragma once
   2:../../libDaisy//src/per/dac.h **** #ifndef DSY_DAC_H
   3:../../libDaisy//src/per/dac.h **** #define DSY_DAC_H
   4:../../libDaisy//src/per/dac.h **** 
   5:../../libDaisy//src/per/dac.h **** #include "daisy_core.h"
   6:../../libDaisy//src/per/dac.h **** 
   7:../../libDaisy//src/per/dac.h **** namespace daisy
   8:../../libDaisy//src/per/dac.h **** {
   9:../../libDaisy//src/per/dac.h **** /** @brief DAC handle for Built-in DAC Peripheral 
  10:../../libDaisy//src/per/dac.h ****  *  @ingroup per_analog
  11:../../libDaisy//src/per/dac.h ****  ** 
  12:../../libDaisy//src/per/dac.h ****  ** For now only Normal Mode is supported,
  13:../../libDaisy//src/per/dac.h ****  ** Sample and hold mode provides reduced power consumption, but requires a bit more setup.
  14:../../libDaisy//src/per/dac.h ****  **
  15:../../libDaisy//src/per/dac.h ****  ** For now connecting the DAC through other internal peripherals is also not supported.
  16:../../libDaisy//src/per/dac.h ****  **
  17:../../libDaisy//src/per/dac.h ****  ** Since the DAC channels have dedicated pins we don't need to pass in a pin config like with
  18:../../libDaisy//src/per/dac.h ****  ** other modules. However, it is still important to not try to use the DAC pins for anything else.
  19:../../libDaisy//src/per/dac.h ****  ** DAC Channel 1 is on PA4, and DAC Channel 2 is on PA5
  20:../../libDaisy//src/per/dac.h ****  ***/
ARM GAS  /var/folders/zm/dfm8jqkx63j0zf3h43_v68380000gn/T//ccN4R1eo.s 			page 19


  21:../../libDaisy//src/per/dac.h **** class DacHandle
  22:../../libDaisy//src/per/dac.h **** {
  23:../../libDaisy//src/per/dac.h ****   public:
  24:../../libDaisy//src/per/dac.h ****     /** Return Values for the DacHandle class */
  25:../../libDaisy//src/per/dac.h ****     enum class Result
  26:../../libDaisy//src/per/dac.h ****     {
  27:../../libDaisy//src/per/dac.h ****         OK,
  28:../../libDaisy//src/per/dac.h ****         ERR,
  29:../../libDaisy//src/per/dac.h ****     };
  30:../../libDaisy//src/per/dac.h **** 
  31:../../libDaisy//src/per/dac.h ****     /** Selects which channel(s) will be configured for use. */
  32:../../libDaisy//src/per/dac.h ****     enum class Channel
  33:../../libDaisy//src/per/dac.h ****     {
  34:../../libDaisy//src/per/dac.h ****         ONE,
  35:../../libDaisy//src/per/dac.h ****         TWO,
  36:../../libDaisy//src/per/dac.h ****         BOTH,
  37:../../libDaisy//src/per/dac.h ****     };
  38:../../libDaisy//src/per/dac.h **** 
  39:../../libDaisy//src/per/dac.h ****     /** Sets the Mode for the DAC channels.
  40:../../libDaisy//src/per/dac.h ****      **
  41:../../libDaisy//src/per/dac.h ****      ** Polling mode uses the blocking mode to transmit a single value at a time.
  42:../../libDaisy//src/per/dac.h ****      **
  43:../../libDaisy//src/per/dac.h ****      ** DMA mode uses a buffer, and periodically transmits it triggering a 
  44:../../libDaisy//src/per/dac.h ****      ** callback to fill the buffer when it is ready for more samples.
  45:../../libDaisy//src/per/dac.h ****      ***/
  46:../../libDaisy//src/per/dac.h ****     enum class Mode
  47:../../libDaisy//src/per/dac.h ****     {
  48:../../libDaisy//src/per/dac.h ****         POLLING,
  49:../../libDaisy//src/per/dac.h ****         DMA,
  50:../../libDaisy//src/per/dac.h ****     };
  51:../../libDaisy//src/per/dac.h **** 
  52:../../libDaisy//src/per/dac.h ****     /** Sets the number of bits per sample transmitted out of the DAC.
  53:../../libDaisy//src/per/dac.h ****      ** The output range will be: 0V - VDDA
  54:../../libDaisy//src/per/dac.h ****      ** The resolution will be roughly: bitdepth / (VDDA - 0V) 
  55:../../libDaisy//src/per/dac.h ****      ***/
  56:../../libDaisy//src/per/dac.h ****     enum class BitDepth
  57:../../libDaisy//src/per/dac.h ****     {
  58:../../libDaisy//src/per/dac.h ****         BITS_8,
  59:../../libDaisy//src/per/dac.h ****         BITS_12
  60:../../libDaisy//src/per/dac.h ****     };
  61:../../libDaisy//src/per/dac.h **** 
  62:../../libDaisy//src/per/dac.h ****     /** Sets whether the DAC output is buffered for higher drive ability. */
  63:../../libDaisy//src/per/dac.h ****     enum class BufferState
  64:../../libDaisy//src/per/dac.h ****     {
  65:../../libDaisy//src/per/dac.h ****         ENABLED,
  66:../../libDaisy//src/per/dac.h ****         DISABLED,
  67:../../libDaisy//src/per/dac.h ****     };
  68:../../libDaisy//src/per/dac.h **** 
  69:../../libDaisy//src/per/dac.h ****     /** Configuration structure for initializing the DAC structure. */
  70:../../libDaisy//src/per/dac.h ****     struct Config
  71:../../libDaisy//src/per/dac.h ****     {
  72:../../libDaisy//src/per/dac.h ****         /** Target Samplerate in Hz used to configure the internal 
  73:../../libDaisy//src/per/dac.h ****          ** timebase for DMA mode. Does nothing in POLLING mode.
  74:../../libDaisy//src/per/dac.h ****          ** If the value is 0 at Init time this will default to 48000Hz 
  75:../../libDaisy//src/per/dac.h ****          ** otherwise the driver will attempt meet the target.*/
  76:../../libDaisy//src/per/dac.h ****         uint32_t target_samplerate;
  77:../../libDaisy//src/per/dac.h **** 
ARM GAS  /var/folders/zm/dfm8jqkx63j0zf3h43_v68380000gn/T//ccN4R1eo.s 			page 20


  78:../../libDaisy//src/per/dac.h ****         Channel     chn;
  79:../../libDaisy//src/per/dac.h ****         Mode        mode;
  80:../../libDaisy//src/per/dac.h ****         BitDepth    bitdepth;
  81:../../libDaisy//src/per/dac.h ****         BufferState buff_state;
  82:../../libDaisy//src/per/dac.h ****     };
  83:../../libDaisy//src/per/dac.h **** 
  84:../../libDaisy//src/per/dac.h ****     DacHandle() : pimpl_(nullptr) {}
 290              		.loc 8 84 5 is_stmt 1 view .LVU65
 291              	.LBB117:
 292              	.LBB118:
 293              		.loc 8 84 33 is_stmt 0 view .LVU66
 294 000c 0362     		str	r3, [r0, #32]
 295              	.LVL17:
 296              		.loc 8 84 33 view .LVU67
 297              	.LBE118:
 298              	.LBE117:
 299              	.LBE116:
 300              	.LBB119:
 301              	.LBI119:
  40:../../libDaisy//src/hid/usb.h **** 
 302              		.loc 3 40 5 is_stmt 1 view .LVU68
  40:../../libDaisy//src/hid/usb.h **** 
 303              		.loc 3 40 5 is_stmt 0 view .LVU69
 304              	.LBE119:
 305              	.LBB120:
 306              	.LBI120:
  96:../../libDaisy//src/sys/system.h ****     ~System() {}
 307              		.loc 2 96 5 is_stmt 1 view .LVU70
  96:../../libDaisy//src/sys/system.h ****     ~System() {}
 308              		.loc 2 96 5 is_stmt 0 view .LVU71
 309              	.LBE120:
 310              	.LBB121:
 311              	.LBI121:
 312              		.file 9 "../../libDaisy//src/per/sai.h"
   1:../../libDaisy//src/per/sai.h **** #pragma once
   2:../../libDaisy//src/per/sai.h **** #ifndef DSY_SAI_H
   3:../../libDaisy//src/per/sai.h **** #define DSY_SAI_H
   4:../../libDaisy//src/per/sai.h **** 
   5:../../libDaisy//src/per/sai.h **** #include "daisy_core.h"
   6:../../libDaisy//src/per/sai.h **** 
   7:../../libDaisy//src/per/sai.h **** namespace daisy
   8:../../libDaisy//src/per/sai.h **** {
   9:../../libDaisy//src/per/sai.h **** /** 
  10:../../libDaisy//src/per/sai.h ****  * Support for I2S Audio Protocol with different bit-depth, samplerate options
  11:../../libDaisy//src/per/sai.h ****  * Allows for master or slave, as well as freedom of selecting direction, 
  12:../../libDaisy//src/per/sai.h ****  * and other behavior for each peripheral, and block.
  13:../../libDaisy//src/per/sai.h ****  * 
  14:../../libDaisy//src/per/sai.h ****  * DMA Transfer commands must use buffers located within non-cached memory or use cache maintenance
  15:../../libDaisy//src/per/sai.h ****  * To declare an unitialized global element in the DMA memory section:
  16:../../libDaisy//src/per/sai.h ****  *    int32_t DSY_DMA_BUFFER_SECTOR my_buffer[96];
  17:../../libDaisy//src/per/sai.h ****  *
  18:../../libDaisy//src/per/sai.h ****  * Callback functions will be called once per half of the buffer. In the above example, 
  19:../../libDaisy//src/per/sai.h ****  * the callback function would be called once for every 48 samples.
  20:../../libDaisy//src/per/sai.h ****  * 
  21:../../libDaisy//src/per/sai.h ****  * Use SAI Handle like this:
  22:../../libDaisy//src/per/sai.h ****  * 
  23:../../libDaisy//src/per/sai.h ****  *  SaiHandle::Config sai_config;
ARM GAS  /var/folders/zm/dfm8jqkx63j0zf3h43_v68380000gn/T//ccN4R1eo.s 			page 21


  24:../../libDaisy//src/per/sai.h ****  *  sai_config.periph          = SaiHandle::Config::Peripheral::SAI_1;
  25:../../libDaisy//src/per/sai.h ****  *  sai_config.sr              = SaiHandle::Config::SampleRate::SAI_48KHZ;
  26:../../libDaisy//src/per/sai.h ****  *  sai_config.bit_depth       = SaiHandle::Config::BitDepth::SAI_24BIT;
  27:../../libDaisy//src/per/sai.h ****  *  sai_config.a_sync          = SaiHandle::Config::Sync::MASTER;
  28:../../libDaisy//src/per/sai.h ****  *  sai_config.b_sync          = SaiHandle::Config::Sync::SLAVE;
  29:../../libDaisy//src/per/sai.h ****  *  sai_config.a_dir           = SaiHandle::Config::Direction::RECEIVE;
  30:../../libDaisy//src/per/sai.h ****  *  sai_config.b_dir           = SaiHandle::Config::Direction::TRANSMIT;
  31:../../libDaisy//src/per/sai.h ****  *  sai_config.pin_config.fs   = {DSY_GPIOE, 4};
  32:../../libDaisy//src/per/sai.h ****  *  sai_config.pin_config.mclk = {DSY_GPIOE, 2};
  33:../../libDaisy//src/per/sai.h ****  *  sai_config.pin_config.sck  = {DSY_GPIOE, 5};
  34:../../libDaisy//src/per/sai.h ****  *  sai_config.pin_config.sa   = {DSY_GPIOE, 6};
  35:../../libDaisy//src/per/sai.h ****  *  sai_config.pin_config.sb   = {DSY_GPIOE, 3};
  36:../../libDaisy//src/per/sai.h ****  *  // Then Initialize
  37:../../libDaisy//src/per/sai.h ****  *  SaiHandle sai;
  38:../../libDaisy//src/per/sai.h ****  *  sai.Init(sai_config);
  39:../../libDaisy//src/per/sai.h ****  *  // Now you can use it:
  40:../../libDaisy//src/per/sai.h ****  *  sai.StartDma(. . .);
  41:../../libDaisy//src/per/sai.h ****  */
  42:../../libDaisy//src/per/sai.h **** class SaiHandle
  43:../../libDaisy//src/per/sai.h **** {
  44:../../libDaisy//src/per/sai.h ****   public:
  45:../../libDaisy//src/per/sai.h ****     /** Contains settings for initialising an SAI Interface */
  46:../../libDaisy//src/per/sai.h ****     struct Config
  47:../../libDaisy//src/per/sai.h ****     {
  48:../../libDaisy//src/per/sai.h ****         /** Specifies the internal peripheral to use (mapped to different hardware pins) */
  49:../../libDaisy//src/per/sai.h ****         enum class Peripheral
  50:../../libDaisy//src/per/sai.h ****         {
  51:../../libDaisy//src/per/sai.h ****             SAI_1,
  52:../../libDaisy//src/per/sai.h ****             SAI_2,
  53:../../libDaisy//src/per/sai.h ****         };
  54:../../libDaisy//src/per/sai.h **** 
  55:../../libDaisy//src/per/sai.h ****         /** Rate at which samples will be streaming to/from the device. */
  56:../../libDaisy//src/per/sai.h ****         enum class SampleRate
  57:../../libDaisy//src/per/sai.h ****         {
  58:../../libDaisy//src/per/sai.h ****             SAI_8KHZ,
  59:../../libDaisy//src/per/sai.h ****             SAI_16KHZ,
  60:../../libDaisy//src/per/sai.h ****             SAI_32KHZ,
  61:../../libDaisy//src/per/sai.h ****             SAI_48KHZ,
  62:../../libDaisy//src/per/sai.h ****             SAI_96KHZ,
  63:../../libDaisy//src/per/sai.h ****         };
  64:../../libDaisy//src/per/sai.h **** 
  65:../../libDaisy//src/per/sai.h ****         /** Bit Depth that the hardware expects to be transferred to/from the device. */
  66:../../libDaisy//src/per/sai.h ****         enum class BitDepth
  67:../../libDaisy//src/per/sai.h ****         {
  68:../../libDaisy//src/per/sai.h ****             SAI_16BIT,
  69:../../libDaisy//src/per/sai.h ****             SAI_24BIT,
  70:../../libDaisy//src/per/sai.h ****             SAI_32BIT,
  71:../../libDaisy//src/per/sai.h ****         };
  72:../../libDaisy//src/per/sai.h **** 
  73:../../libDaisy//src/per/sai.h ****         /** Specifies whether a particular block is the master or the slave 
  74:../../libDaisy//src/per/sai.h ****          ** If both are set to slave, no MCLK signal will be used, and it is
  75:../../libDaisy//src/per/sai.h ****          ** expected that the codec will have its own xtal.
  76:../../libDaisy//src/per/sai.h ****          */
  77:../../libDaisy//src/per/sai.h ****         enum class Sync
  78:../../libDaisy//src/per/sai.h ****         {
  79:../../libDaisy//src/per/sai.h ****             MASTER,
  80:../../libDaisy//src/per/sai.h ****             SLAVE,
ARM GAS  /var/folders/zm/dfm8jqkx63j0zf3h43_v68380000gn/T//ccN4R1eo.s 			page 22


  81:../../libDaisy//src/per/sai.h ****         };
  82:../../libDaisy//src/per/sai.h **** 
  83:../../libDaisy//src/per/sai.h ****         /** Specifies the direction for each peripheral block. */
  84:../../libDaisy//src/per/sai.h ****         enum class Direction
  85:../../libDaisy//src/per/sai.h ****         {
  86:../../libDaisy//src/per/sai.h ****             TRANSMIT,
  87:../../libDaisy//src/per/sai.h ****             RECEIVE,
  88:../../libDaisy//src/per/sai.h ****         };
  89:../../libDaisy//src/per/sai.h **** 
  90:../../libDaisy//src/per/sai.h ****         Peripheral periph;
  91:../../libDaisy//src/per/sai.h ****         struct
  92:../../libDaisy//src/per/sai.h ****         {
  93:../../libDaisy//src/per/sai.h ****             dsy_gpio_pin mclk, fs, sck, sa, sb;
  94:../../libDaisy//src/per/sai.h ****         } pin_config;
  95:../../libDaisy//src/per/sai.h ****         SampleRate sr;
  96:../../libDaisy//src/per/sai.h ****         BitDepth   bit_depth;
  97:../../libDaisy//src/per/sai.h ****         Sync       a_sync, b_sync;
  98:../../libDaisy//src/per/sai.h ****         Direction  a_dir, b_dir;
  99:../../libDaisy//src/per/sai.h ****     };
 100:../../libDaisy//src/per/sai.h **** 
 101:../../libDaisy//src/per/sai.h ****     /** Return values for SAI functions */
 102:../../libDaisy//src/per/sai.h ****     enum class Result
 103:../../libDaisy//src/per/sai.h ****     {
 104:../../libDaisy//src/per/sai.h ****         OK,
 105:../../libDaisy//src/per/sai.h ****         ERR,
 106:../../libDaisy//src/per/sai.h ****     };
 107:../../libDaisy//src/per/sai.h **** 
 108:../../libDaisy//src/per/sai.h ****     SaiHandle() : pimpl_(nullptr) {}
 313              		.loc 9 108 5 is_stmt 1 view .LVU72
 314              	.LBB122:
 315              	.LBB123:
 316              		.loc 9 108 33 is_stmt 0 view .LVU73
 317 000e C363     		str	r3, [r0, #60]
 318              	.LVL18:
 319              		.loc 9 108 33 view .LVU74
 320              	.LBE123:
 321              	.LBE122:
 322              	.LBE121:
 323              	.LBE124:
 324              	.LBE125:
   8:src/main.cpp  **** DaisySeed hw;
 325              		.loc 6 8 11 view .LVU75
 326 0010 FFF7FEBF 		b	__aeabi_atexit
 327              	.LVL19:
 328              	.L10:
 329              		.align	2
 330              	.L9:
 331 0014 00000000 		.word	.LANCHOR0
 332 0018 00000000 		.word	__dso_handle
 333 001c 00000000 		.word	_ZN5daisy9DaisySeedD1Ev
 334              	.LBE103:
 335              	.LBE102:
 336              		.cfi_endproc
 337              	.LFE2580:
 339              		.section	.init_array,"aw",%init_array
 340              		.align	2
 341 0000 00000000 		.word	_GLOBAL__sub_I_hw(target1)
ARM GAS  /var/folders/zm/dfm8jqkx63j0zf3h43_v68380000gn/T//ccN4R1eo.s 			page 23


 342              		.global	hw
 343              		.section	.bss.hw,"aw",%nobits
 344              		.align	2
 345              		.set	.LANCHOR0,. + 0
 348              	hw:
 349 0000 00000000 		.space	64
 349      00000000 
 349      00000000 
 349      00000000 
 349      00000000 
 350              		.text
 351              	.Letext0:
 352              		.file 10 "/Library/DaisyToolchain/0.2.0/arm/arm-none-eabi/include/machine/_default_types.h"
 353              		.file 11 "/Library/DaisyToolchain/0.2.0/arm/arm-none-eabi/include/sys/_stdint.h"
 354              		.file 12 "/Library/DaisyToolchain/0.2.0/arm/arm-none-eabi/include/stdint.h"
 355              		.file 13 "/Library/DaisyToolchain/0.2.0/arm/lib/gcc/arm-none-eabi/10.3.1/include/stddef.h"
 356              		.file 14 "/Library/DaisyToolchain/0.2.0/arm/arm-none-eabi/include/c++/10.3.1/cmath"
 357              		.file 15 "/Library/DaisyToolchain/0.2.0/arm/arm-none-eabi/include/c++/10.3.1/bits/std_abs.h"
 358              		.file 16 "/Library/DaisyToolchain/0.2.0/arm/arm-none-eabi/include/c++/10.3.1/cstdlib"
 359              		.file 17 "/Library/DaisyToolchain/0.2.0/arm/arm-none-eabi/include/c++/10.3.1/cstdint"
 360              		.file 18 "/Library/DaisyToolchain/0.2.0/arm/arm-none-eabi/include/c++/10.3.1/type_traits"
 361              		.file 19 "/Library/DaisyToolchain/0.2.0/arm/arm-none-eabi/include/c++/10.3.1/debug/debug.h"
 362              		.file 20 "/Library/DaisyToolchain/0.2.0/arm/arm-none-eabi/include/c++/10.3.1/arm-none-eabi/thumb/v
 363              		.file 21 "/Library/DaisyToolchain/0.2.0/arm/arm-none-eabi/include/c++/10.3.1/bits/algorithmfwd.h"
 364              		.file 22 "/Library/DaisyToolchain/0.2.0/arm/arm-none-eabi/include/c++/10.3.1/bits/stl_pair.h"
 365              		.file 23 "/Library/DaisyToolchain/0.2.0/arm/arm-none-eabi/include/c++/10.3.1/bits/exception_ptr.h"
 366              		.file 24 "/Library/DaisyToolchain/0.2.0/arm/arm-none-eabi/include/c++/10.3.1/cstdarg"
 367              		.file 25 "/Library/DaisyToolchain/0.2.0/arm/arm-none-eabi/include/c++/10.3.1/cstdio"
 368              		.file 26 "/Library/DaisyToolchain/0.2.0/arm/arm-none-eabi/include/c++/10.3.1/cstring"
 369              		.file 27 "/Library/DaisyToolchain/0.2.0/arm/arm-none-eabi/include/c++/10.3.1/bits/predefined_ops.h
 370              		.file 28 "/Library/DaisyToolchain/0.2.0/arm/arm-none-eabi/include/sys/_types.h"
 371              		.file 29 "/Library/DaisyToolchain/0.2.0/arm/arm-none-eabi/include/sys/reent.h"
 372              		.file 30 "/Library/DaisyToolchain/0.2.0/arm/arm-none-eabi/include/sys/lock.h"
 373              		.file 31 "/Library/DaisyToolchain/0.2.0/arm/arm-none-eabi/include/math.h"
 374              		.file 32 "/Library/DaisyToolchain/0.2.0/arm/arm-none-eabi/include/stdlib.h"
 375              		.file 33 "/Library/DaisyToolchain/0.2.0/arm/arm-none-eabi/include/c++/10.3.1/math.h"
 376              		.file 34 "/Library/DaisyToolchain/0.2.0/arm/arm-none-eabi/include/c++/10.3.1/stdlib.h"
 377              		.file 35 "../../libDaisy//src/daisy_core.h"
 378              		.file 36 "../../libDaisy//src/per/tim.h"
 379              		.file 37 "../../libDaisy//src/hid/logger_impl.h"
 380              		.file 38 "../../libDaisy//src/util/wav_format.h"
 381              		.file 39 "../../libDaisy//src/dev/max11300.h"
 382              		.file 40 "../../libDaisy//src/hid/logger.h"
 383              		.file 41 "../../libDaisy//src/per/gpio.h"
 384              		.file 42 "../../libDaisy//src/dev/sdram.h"
 385              		.file 43 "/Library/DaisyToolchain/0.2.0/arm/lib/gcc/arm-none-eabi/10.3.1/include/stdarg.h"
 386              		.file 44 "/Library/DaisyToolchain/0.2.0/arm/arm-none-eabi/include/stdio.h"
 387              		.file 45 "/Library/DaisyToolchain/0.2.0/arm/arm-none-eabi/include/string.h"
 388              		.file 46 "../../libDaisy//src/dev/sr_595.h"
 389              		.file 47 "<built-in>"
 390              		.file 48 "include/sc_tools.h"
ARM GAS  /var/folders/zm/dfm8jqkx63j0zf3h43_v68380000gn/T//ccN4R1eo.s 			page 24


DEFINED SYMBOLS
                            *ABS*:0000000000000000 main.cpp
/var/folders/zm/dfm8jqkx63j0zf3h43_v68380000gn/T//ccN4R1eo.s:19     .text._ZN5daisy9DaisySeedD2Ev:0000000000000000 $t
/var/folders/zm/dfm8jqkx63j0zf3h43_v68380000gn/T//ccN4R1eo.s:26     .text._ZN5daisy9DaisySeedD2Ev:0000000000000000 _ZN5daisy9DaisySeedD2Ev
/var/folders/zm/dfm8jqkx63j0zf3h43_v68380000gn/T//ccN4R1eo.s:26     .text._ZN5daisy9DaisySeedD2Ev:0000000000000000 _ZN5daisy9DaisySeedD1Ev
/var/folders/zm/dfm8jqkx63j0zf3h43_v68380000gn/T//ccN4R1eo.s:67     .rodata.main.str1.4:0000000000000000 $d
/var/folders/zm/dfm8jqkx63j0zf3h43_v68380000gn/T//ccN4R1eo.s:74     .text.startup.main:0000000000000000 $t
/var/folders/zm/dfm8jqkx63j0zf3h43_v68380000gn/T//ccN4R1eo.s:81     .text.startup.main:0000000000000000 main
/var/folders/zm/dfm8jqkx63j0zf3h43_v68380000gn/T//ccN4R1eo.s:209    .text.startup.main:0000000000000094 $d
/var/folders/zm/dfm8jqkx63j0zf3h43_v68380000gn/T//ccN4R1eo.s:219    .text.startup._GLOBAL__sub_I_hw:0000000000000000 $t
/var/folders/zm/dfm8jqkx63j0zf3h43_v68380000gn/T//ccN4R1eo.s:225    .text.startup._GLOBAL__sub_I_hw:0000000000000000 _GLOBAL__sub_I_hw
/var/folders/zm/dfm8jqkx63j0zf3h43_v68380000gn/T//ccN4R1eo.s:331    .text.startup._GLOBAL__sub_I_hw:0000000000000014 $d
/var/folders/zm/dfm8jqkx63j0zf3h43_v68380000gn/T//ccN4R1eo.s:340    .init_array:0000000000000000 $d
/var/folders/zm/dfm8jqkx63j0zf3h43_v68380000gn/T//ccN4R1eo.s:348    .bss.hw:0000000000000000 hw
/var/folders/zm/dfm8jqkx63j0zf3h43_v68380000gn/T//ccN4R1eo.s:344    .bss.hw:0000000000000000 $d
                           .group:0000000000000000 _ZN5daisy9DaisySeedD5Ev

UNDEFINED SYMBOLS
_ZN5daisy9DaisySeed4InitEb
_ZN5daisy6LoggerILNS_17LoggerDestinationE1EE8StartLogEb
_ZN5daisy16AdcChannelConfig10InitSingleE12dsy_gpio_pinNS0_15ConversionSpeedE
_ZN5daisy9AdcHandle4InitEPNS_16AdcChannelConfigEjNS0_12OverSamplingE
_ZN5daisy9AdcHandle5StartEv
_ZNK5daisy9AdcHandle3GetEh
_Z11debug_printPKcz
_ZN5daisy9DaisySeed6SetLedEb
_ZN5daisy6System5DelayEm
__aeabi_atexit
__dso_handle
